Using pre-set license
Built from '2021.3/staging' branch; Version is '2021.3.6f1 (7da38d85baf6) revision 8233869'; Using compiler version '192829333'; Build Type 'Release'
OS: 'Windows 11  (10.0.22621) 64bit Core' Language: 'en' Physical Memory: 32606 MB
BatchMode: 1, IsHumanControllingUs: 0, StartBugReporterOnCrash: 0, Is64bit: 1, IsPro: 1

COMMAND LINE ARGUMENTS:
C:\Program Files\Unity\Hub\Editor\2021.3.6f1\Editor\Unity.exe
-adb2
-batchMode
-noUpm
-name
AssetImportWorker4
-projectPath
C:/Users/espag/OneDrive/Documentos/GitHub/Audio_Project/Audio_Project
-logFile
Logs/AssetImportWorker4.log
-srvPort
61122
Successfully changed project path to: C:/Users/espag/OneDrive/Documentos/GitHub/Audio_Project/Audio_Project
C:/Users/espag/OneDrive/Documentos/GitHub/Audio_Project/Audio_Project
[UnityMemory] Configuration Parameters - Can be set up in boot.config
    "memorysetup-bucket-allocator-granularity=16"
    "memorysetup-bucket-allocator-bucket-count=8"
    "memorysetup-bucket-allocator-block-size=33554432"
    "memorysetup-bucket-allocator-block-count=8"
    "memorysetup-main-allocator-block-size=16777216"
    "memorysetup-thread-allocator-block-size=16777216"
    "memorysetup-gfx-main-allocator-block-size=16777216"
    "memorysetup-gfx-thread-allocator-block-size=16777216"
    "memorysetup-cache-allocator-block-size=4194304"
    "memorysetup-typetree-allocator-block-size=2097152"
    "memorysetup-profiler-bucket-allocator-granularity=16"
    "memorysetup-profiler-bucket-allocator-bucket-count=8"
    "memorysetup-profiler-bucket-allocator-block-size=33554432"
    "memorysetup-profiler-bucket-allocator-block-count=8"
    "memorysetup-profiler-allocator-block-size=16777216"
    "memorysetup-profiler-editor-allocator-block-size=1048576"
    "memorysetup-temp-allocator-size-main=16777216"
    "memorysetup-job-temp-allocator-block-size=2097152"
    "memorysetup-job-temp-allocator-block-size-background=1048576"
    "memorysetup-job-temp-allocator-reduction-small-platforms=262144"
    "memorysetup-temp-allocator-size-background-worker=32768"
    "memorysetup-temp-allocator-size-job-worker=262144"
    "memorysetup-temp-allocator-size-preload-manager=33554432"
    "memorysetup-temp-allocator-size-nav-mesh-worker=65536"
    "memorysetup-temp-allocator-size-audio-worker=65536"
    "memorysetup-temp-allocator-size-cloud-worker=32768"
    "memorysetup-temp-allocator-size-gi-baking-worker=262144"
    "memorysetup-temp-allocator-size-gfx=262144"
Refreshing native plugins compatible for Editor in 43.39 ms, found 3 plugins.
Preloading 0 native plugins for Editor in 0.00 ms.
Initialize engine version: 2021.3.6f1 (7da38d85baf6)
[Subsystems] Discovering subsystems at path C:/Program Files/Unity/Hub/Editor/2021.3.6f1/Editor/Data/Resources/UnitySubsystems
[Subsystems] Discovering subsystems at path C:/Users/espag/OneDrive/Documentos/GitHub/Audio_Project/Audio_Project/Assets
GfxDevice: creating device client; threaded=0; jobified=0
Direct3D:
    Version:  Direct3D 11.0 [level 11.1]
    Renderer: AMD Radeon RX 7900 XT (ID=0x744c)
    Vendor:   ATI
    VRAM:     20424 MB
    Driver:   31.0.14051.5006
Initialize mono
Mono path[0] = 'C:/Program Files/Unity/Hub/Editor/2021.3.6f1/Editor/Data/Managed'
Mono path[1] = 'C:/Program Files/Unity/Hub/Editor/2021.3.6f1/Editor/Data/MonoBleedingEdge/lib/mono/unityjit-win32'
Mono config path = 'C:/Program Files/Unity/Hub/Editor/2021.3.6f1/Editor/Data/MonoBleedingEdge/etc'
Using monoOptions --debugger-agent=transport=dt_socket,embedding=1,server=y,suspend=n,address=127.0.0.1:56684
Begin MonoManager ReloadAssembly
Registering precompiled unity dll's ...
Register platform support module: C:/Program Files/Unity/Hub/Editor/2021.3.6f1/Editor/Data/PlaybackEngines/WindowsStandaloneSupport/UnityEditor.WindowsStandalone.Extensions.dll
Registered in 0.002600 seconds.
Native extension for WindowsStandalone target not found
Refreshing native plugins compatible for Editor in 42.72 ms, found 3 plugins.
Preloading 0 native plugins for Editor in 0.00 ms.
Mono: successfully reloaded assembly
- Completed reload, in  0.327 seconds
Domain Reload Profiling:
	ReloadAssembly (327ms)
		BeginReloadAssembly (43ms)
			ExecutionOrderSort (0ms)
			DisableScriptedObjects (0ms)
			BackupInstance (0ms)
			ReleaseScriptingObjects (0ms)
			CreateAndSetChildDomain (0ms)
		EndReloadAssembly (230ms)
			LoadAssemblies (42ms)
			RebuildTransferFunctionScriptingTraits (0ms)
			SetupTypeCache (53ms)
			ReleaseScriptCaches (0ms)
			RebuildScriptCaches (13ms)
			SetupLoadedEditorAssemblies (139ms)
				LogAssemblyErrors (0ms)
				InitializePlatformSupportModulesInManaged (4ms)
				SetLoadedEditorAssemblies (0ms)
				RefreshPlugins (43ms)
				BeforeProcessingInitializeOnLoad (1ms)
				ProcessInitializeOnLoadAttributes (70ms)
				ProcessInitializeOnLoadMethodAttributes (22ms)
				AfterProcessingInitializeOnLoad (0ms)
				EditorAssembliesLoaded (0ms)
			ExecutionOrderSort2 (0ms)
			AwakeInstancesAfterBackupRestoration (0ms)
Platform modules already initialized, skipping
Registering precompiled user dll's ...
Registered in 0.002820 seconds.
Begin MonoManager ReloadAssembly
Symbol file LoadedFromMemory doesn't match image C:\Users\espag\OneDrive\Documentos\GitHub\Audio_Project\Audio_Project\Library\PackageCache\com.unity.visualscripting@1.7.8\Editor\VisualScripting.Core\Dependencies\YamlDotNet\Unity.VisualScripting.YamlDotNet.dll
Symbol file LoadedFromMemory doesn't match image C:\Users\espag\OneDrive\Documentos\GitHub\Audio_Project\Audio_Project\Library\PackageCache\com.unity.visualscripting@1.7.8\Editor\VisualScripting.Core\Dependencies\DotNetZip\Unity.VisualScripting.IonicZip.dll
Native extension for WindowsStandalone target not found
Refreshing native plugins compatible for Editor in 0.33 ms, found 3 plugins.
Preloading 0 native plugins for Editor in 0.00 ms.
Mono: successfully reloaded assembly
- Completed reload, in  0.507 seconds
Domain Reload Profiling:
	ReloadAssembly (507ms)
		BeginReloadAssembly (55ms)
			ExecutionOrderSort (0ms)
			DisableScriptedObjects (3ms)
			BackupInstance (0ms)
			ReleaseScriptingObjects (0ms)
			CreateAndSetChildDomain (10ms)
		EndReloadAssembly (395ms)
			LoadAssemblies (45ms)
			RebuildTransferFunctionScriptingTraits (0ms)
			SetupTypeCache (126ms)
			ReleaseScriptCaches (0ms)
			RebuildScriptCaches (23ms)
			SetupLoadedEditorAssemblies (182ms)
				LogAssemblyErrors (0ms)
				InitializePlatformSupportModulesInManaged (3ms)
				SetLoadedEditorAssemblies (0ms)
				RefreshPlugins (0ms)
				BeforeProcessingInitializeOnLoad (42ms)
				ProcessInitializeOnLoadAttributes (119ms)
				ProcessInitializeOnLoadMethodAttributes (14ms)
				AfterProcessingInitializeOnLoad (3ms)
				EditorAssembliesLoaded (0ms)
			ExecutionOrderSort2 (0ms)
			AwakeInstancesAfterBackupRestoration (3ms)
Platform modules already initialized, skipping
========================================================================
Worker process is ready to serve import requests
Launched and connected shader compiler UnityShaderCompiler.exe after 0.03 seconds
Refreshing native plugins compatible for Editor in 0.31 ms, found 3 plugins.
Preloading 0 native plugins for Editor in 0.00 ms.
Unloading 3344 Unused Serialized files (Serialized files now loaded: 0)
Unloading 27 unused Assets / (111.0 KB). Loaded Objects now: 3804.
Memory consumption went from 115.7 MB to 115.6 MB.
Total: 1.601600 ms (FindLiveObjects: 0.129600 ms CreateObjectMapping: 0.038700 ms MarkObjects: 1.379400 ms  DeleteObjects: 0.053300 ms)

AssetImportParameters requested are different than current active one (requested -> active):
  custom:video-decoder-ogg-theora: a1e56fd34408186e4bbccfd4996cb3dc -> 
  custom:container-muxer-webm: aa71ff27fc2769a1b78a27578f13a17b -> 
  custom:container-demuxer-webm: 4f35f7cbe854078d1ac9338744f61a02 -> 
  custom:video-encoder-webm-vp8: eb34c28f22e8b96e1ab97ce403110664 -> 
  custom:video-codec-MediaFoundation-h265: 746d11721c4dcdbdad8f713fa42b33f4 -> 
  custom:audio-encoder-webm-vorbis: bf7c407c2cedff20999df2af8eb42d56 -> 
  custom:framework-win-MediaFoundation: 216162199b28c13a410421893ffa2e32 -> 
  custom:container-demuxer-ogg: 62fdf1f143b41e24485cea50d1cbac27 -> 
  custom:video-decoder-webm-vp8: 9c59270c3fd7afecdb556c50c9e8de78 -> 
  custom:audio-decoder-ogg-vorbis: bf7c407c2cedff20999df2af8eb42d56 -> 
========================================================================
Received Import Request.
  Time since last request: 154009.037052 seconds.
  path: Assets/LaFinca/Viking Gods
  artifactKey: Guid(86f40d0eb758ca346abd5970d89b08ce) Importer(815301076,1909f56bfc062723c751e8b465ee728b)
Start importing Assets/LaFinca/Viking Gods using Guid(86f40d0eb758ca346abd5970d89b08ce) Importer(815301076,1909f56bfc062723c751e8b465ee728b)  -> (artifact id: '65741362d22b928b352e840e499edba0') in 0.002945 seconds 
========================================================================
Received Import Request.
  Time since last request: 0.876639 seconds.
  path: Assets/LaFinca/Viking Gods/Thor
  artifactKey: Guid(96dcf62f55a05a749b5fb9599fce7df5) Importer(815301076,1909f56bfc062723c751e8b465ee728b)
Start importing Assets/LaFinca/Viking Gods/Thor using Guid(96dcf62f55a05a749b5fb9599fce7df5) Importer(815301076,1909f56bfc062723c751e8b465ee728b)  -> (artifact id: '13da154678e6029752baf7ca1a9e8416') in 0.000818 seconds 
========================================================================
Received Import Request.
  Time since last request: 4.898043 seconds.
  path: Assets/LaFinca/Viking Gods/Thor/Meshes
  artifactKey: Guid(1aa5e580f0285cf49bc9cdc3fe139ba9) Importer(815301076,1909f56bfc062723c751e8b465ee728b)
Start importing Assets/LaFinca/Viking Gods/Thor/Meshes using Guid(1aa5e580f0285cf49bc9cdc3fe139ba9) Importer(815301076,1909f56bfc062723c751e8b465ee728b)  -> (artifact id: '610bfa469c52f7edf9e205a62cbb9e89') in 0.000885 seconds 
========================================================================
Received Import Request.
  Time since last request: 0.129331 seconds.
  path: Assets/LaFinca/Viking Gods/Thor/Meshes/mjolnir.fbx
  artifactKey: Guid(1e39aa3925c92c246ade44fa4484e421) Importer(815301076,1909f56bfc062723c751e8b465ee728b)
Start importing Assets/LaFinca/Viking Gods/Thor/Meshes/mjolnir.fbx using Guid(1e39aa3925c92c246ade44fa4484e421) Importer(815301076,1909f56bfc062723c751e8b465ee728b)  -> (artifact id: '4cbce37eb90f42c2ac1fed112b1f344e') in 0.194345 seconds 
========================================================================
Received Import Request.
  Time since last request: 17.517188 seconds.
  path: Assets/LaFinca/Viking Gods/Thor/Materials
  artifactKey: Guid(214c19701db1dd643ad680f230725e1f) Importer(815301076,1909f56bfc062723c751e8b465ee728b)
Start importing Assets/LaFinca/Viking Gods/Thor/Materials using Guid(214c19701db1dd643ad680f230725e1f) Importer(815301076,1909f56bfc062723c751e8b465ee728b)  -> (artifact id: 'db52c9e1a970dab459366f65f484aedc') in 0.000822 seconds 
========================================================================
Received Import Request.
  Time since last request: 0.080305 seconds.
  path: Assets/LaFinca/Viking Gods/Thor/Materials/belt buckle Material.mat
  artifactKey: Guid(d32cbae7f3461aa479feb39fd645edd5) Importer(815301076,1909f56bfc062723c751e8b465ee728b)
Start importing Assets/LaFinca/Viking Gods/Thor/Materials/belt buckle Material.mat using Guid(d32cbae7f3461aa479feb39fd645edd5) Importer(815301076,1909f56bfc062723c751e8b465ee728b)  -> (artifact id: 'ec10cae33dc334429ca0cb07c0d82a0a') in 0.148299 seconds 
========================================================================
Received Import Request.
  Time since last request: 0.000013 seconds.
  path: Assets/LaFinca/Viking Gods/Thor/Materials/ornament Material 1.mat
  artifactKey: Guid(a638624583af8734a9af9456dc9693cb) Importer(815301076,1909f56bfc062723c751e8b465ee728b)
Start importing Assets/LaFinca/Viking Gods/Thor/Materials/ornament Material 1.mat using Guid(a638624583af8734a9af9456dc9693cb) Importer(815301076,1909f56bfc062723c751e8b465ee728b)  -> (artifact id: '3a2196bf098fe56fd64d2351d15bbc0a') in 0.016092 seconds 
========================================================================
Received Import Request.
  Time since last request: 0.000017 seconds.
  path: Assets/LaFinca/Viking Gods/Thor/Materials/tunic_green Material.mat
  artifactKey: Guid(e0dde76898c3fdd44a058fa96b452dcc) Importer(815301076,1909f56bfc062723c751e8b465ee728b)
Start importing Assets/LaFinca/Viking Gods/Thor/Materials/tunic_green Material.mat using Guid(e0dde76898c3fdd44a058fa96b452dcc) Importer(815301076,1909f56bfc062723c751e8b465ee728b)  -> (artifact id: '44f83e914c510462f03f532c29be4e31') in 0.018062 seconds 
========================================================================
Received Import Request.
  Time since last request: 0.000014 seconds.
  path: Assets/LaFinca/Viking Gods/Thor/Materials/pants Material.mat
  artifactKey: Guid(cab66a7afc635f04dbe60a59be2c6bbe) Importer(815301076,1909f56bfc062723c751e8b465ee728b)
Start importing Assets/LaFinca/Viking Gods/Thor/Materials/pants Material.mat using Guid(cab66a7afc635f04dbe60a59be2c6bbe) Importer(815301076,1909f56bfc062723c751e8b465ee728b)  -> (artifact id: 'eb9c5f59307127b0a42315c3e2d4e519') in 0.007426 seconds 
========================================================================
Received Import Request.
  Time since last request: 0.000012 seconds.
  path: Assets/LaFinca/Viking Gods/Thor/Materials/tunic_purple Material.mat
  artifactKey: Guid(e46bc8ddd11b86344affaa68fb80c2ca) Importer(815301076,1909f56bfc062723c751e8b465ee728b)
Start importing Assets/LaFinca/Viking Gods/Thor/Materials/tunic_purple Material.mat using Guid(e46bc8ddd11b86344affaa68fb80c2ca) Importer(815301076,1909f56bfc062723c751e8b465ee728b)  -> (artifact id: 'ff60ff38f33855d4b6aadb93365fb678') in 0.007164 seconds 
========================================================================
Received Import Request.
  Time since last request: 0.000012 seconds.
  path: Assets/LaFinca/Viking Gods/Thor/Materials/tunic_blue Material.mat
  artifactKey: Guid(ac5aaef3ad82a2b47a3308e7e3dc311d) Importer(815301076,1909f56bfc062723c751e8b465ee728b)
Start importing Assets/LaFinca/Viking Gods/Thor/Materials/tunic_blue Material.mat using Guid(ac5aaef3ad82a2b47a3308e7e3dc311d) Importer(815301076,1909f56bfc062723c751e8b465ee728b)  -> (artifact id: '3455b084a989cbc078956e0ba084a70f') in 0.006772 seconds 
Editor requested this worker to shutdown with reason: Scaling down because of idle timeout
AssetImportWorker is now disconnected from the server
Process exiting
Exiting without the bug reporter. Application will terminate with return code 0